[debug] [2020-10-06T08:51:35.115Z] ----------------------------------------------------------------------
[debug] [2020-10-06T08:51:35.120Z] Command:       C:\Program Files\nodejs\node.exe C:\Users\steve\AppData\Roaming\npm\node_modules\firebase-tools\lib\bin\firebase.js init
[debug] [2020-10-06T08:51:35.121Z] CLI Version:   8.10.0
[debug] [2020-10-06T08:51:35.121Z] Platform:      win32
[debug] [2020-10-06T08:51:35.121Z] Node Version:  v12.16.1
[debug] [2020-10-06T08:51:35.124Z] Time:          Tue Oct 06 2020 10:51:35 GMT+0200 (South Africa Standard Time)
[debug] [2020-10-06T08:51:35.125Z] ----------------------------------------------------------------------
[debug] [2020-10-06T08:51:35.125Z] 
[debug] [2020-10-06T08:51:35.157Z] > command requires scopes: ["email","openid","https://www.googleapis.com/auth/cloudplatformprojects.readonly","https://www.googleapis.com/auth/firebase","https://www.googleapis.com/auth/cloud-platform"]
[debug] [2020-10-06T08:51:35.159Z] > authorizing via signed-in user
[info] 
     ######## #### ########  ######## ########     ###     ######  ########
     ##        ##  ##     ## ##       ##     ##  ##   ##  ##       ##
     ######    ##  ########  ######   ########  #########  ######  ######
     ##        ##  ##    ##  ##       ##     ## ##     ##       ## ##
     ##       #### ##     ## ######## ########  ##     ##  ######  ########

You're about to initialize a Firebase project in this directory:

  C:\code\Angular\mean-rsvp

Before we get started, keep in mind:

  * You are currently outside your home directory

